C:\Users\sun\Desktop\Project\Debug\Project.pdb
C:\USERS\SUN\DESKTOP\PROJECT\PROJECT\DEBUG\CAMERA.OBJ
C:\Users\sun\Desktop\Project\Project\Debug\cl.command.1.tlog
C:\Users\sun\Desktop\Project\Project\Debug\CL.read.1.tlog
C:\Users\sun\Desktop\Project\Project\Debug\CL.write.1.tlog
C:\USERS\SUN\DESKTOP\PROJECT\PROJECT\DEBUG\DEMO.OBJ
C:\USERS\SUN\DESKTOP\PROJECT\PROJECT\DEBUG\GRASS.OBJ
C:\Users\sun\Desktop\Project\Project\Debug\link.command.1.tlog
C:\Users\sun\Desktop\Project\Project\Debug\link.read.1.tlog
C:\Users\sun\Desktop\Project\Project\Debug\link.write.1.tlog
C:\Users\sun\Desktop\Project\Project\Debug\link-cvtres.read.1.tlog
C:\Users\sun\Desktop\Project\Project\Debug\link-cvtres.write.1.tlog
C:\USERS\SUN\DESKTOP\PROJECT\PROJECT\DEBUG\OBJECT.OBJ
C:\Users\sun\Desktop\Project\Project\Debug\Project.exe.embed.manifest
C:\USERS\SUN\DESKTOP\PROJECT\PROJECT\DEBUG\PROJECT.EXE.EMBED.MANIFEST.RES
C:\Users\sun\Desktop\Project\Project\Debug\Project.exe.intermediate.manifest
C:\Users\sun\Desktop\Project\Project\Debug\Project.vcxprojResolveAssemblyReference.cache
C:\Users\sun\Desktop\Project\Project\Debug\Project.write.1.tlog
C:\Users\sun\Desktop\Project\Project\Debug\Project_manifest.rc
C:\Users\sun\Desktop\Project\Project\Debug\rc.command.1.tlog
C:\Users\sun\Desktop\Project\Project\Debug\rc.read.1.tlog
C:\Users\sun\Desktop\Project\Project\Debug\rc.write.1.tlog
C:\USERS\SUN\DESKTOP\PROJECT\PROJECT\DEBUG\SKY.OBJ
C:\USERS\SUN\DESKTOP\PROJECT\PROJECT\DEBUG\TERRAIN.OBJ
C:\USERS\SUN\DESKTOP\PROJECT\PROJECT\DEBUG\TREE.OBJ
C:\Users\sun\Desktop\Project\Project\Debug\vc100.idb
C:\USERS\SUN\DESKTOP\PROJECT\PROJECT\DEBUG\VC100.PDB
